<?xml version="1.0" encoding="UTF-8"?>
<!-- Generated by org.testng.reporters.JUnitReportReporter -->
<testsuite hostname="Lenovo" failures="0" tests="6" name="testingApplication.OpenCardApplication" time="86.944" errors="0" timestamp="30 Aug 2020 14:05:53 GMT" skipped="0">
  <testcase classname="testingApplication.OpenCardApplication" name="open" time="21.444"/>
  <testcase classname="testingApplication.OpenCardApplication" name="register" time="7.377"/>
  <testcase classname="testingApplication.OpenCardApplication" name="contact" time="12.013"/>
  <testcase classname="testingApplication.OpenCardApplication" name="samsungGalaxy" time="14.711"/>
  <testcase classname="testingApplication.OpenCardApplication" name="wishList" time="25.903"/>
  <testcase classname="testingApplication.OpenCardApplication" name="logout" time="5.496"/>
</testsuite> <!-- testingApplication.OpenCardApplication -->
