<?xml version="1.0" encoding="UTF-8"?>
<!-- Generated by org.testng.reporters.JUnitReportReporter -->
<testsuite hostname="Lenovo" failures="0" tests="3" name="testingApplication.ProductComparison" time="37.068" errors="0" timestamp="30 Aug 2020 14:07:33 GMT" skipped="0">
  <testcase classname="testingApplication.ProductComparison" name="open" time="19.153"/>
  <testcase classname="testingApplication.ProductComparison" name="search" time="4.518"/>
  <testcase classname="testingApplication.ProductComparison" name="productCompare" time="13.397"/>
</testsuite> <!-- testingApplication.ProductComparison -->
